<?xml version="1.0" encoding="UTF-8"?>
<!-- Generated by org.testng.reporters.JUnitReportReporter -->
<testsuite skipped="0" hostname="LAPTOP-4AN8MAGU" name="com.testcase.LoginTest" tests="5" failures="0" timestamp="2021-12-07T14:41:25 IST" time="84.840" errors="0">
  <testcase name="validateValidLogin" time="24.928" classname="com.testcase.LoginTest"/>
  <system-out/>
  <testcase name="validateInvalidLogin" time="16.169" classname="com.testcase.LoginTest"/>
  <system-out/>
  <testcase name="validateInvalidLogin" time="13.040" classname="com.testcase.LoginTest"/>
  <system-out/>
  <testcase name="validateInvalidLogin" time="15.206" classname="com.testcase.LoginTest"/>
  <system-out/>
  <testcase name="validateInvalidLogin" time="15.497" classname="com.testcase.LoginTest"/>
  <system-out/>
</testsuite> <!-- com.testcase.LoginTest -->
