<?xml version="1.0" encoding="UTF-8"?>
<!-- Generated by org.testng.reporters.JUnitReportReporter -->
<testsuite skipped="0" hostname="LAPTOP-4AN8MAGU" name="com.testcase.RegistrationTest" tests="5" failures="0" timestamp="2021-12-07T14:41:25 IST" time="99.987" errors="0">
  <testcase name="validateInvalidRegistration" time="15.728" classname="com.testcase.RegistrationTest"/>
  <system-out/>
  <testcase name="validateInvalidRegistration" time="16.103" classname="com.testcase.RegistrationTest"/>
  <system-out/>
  <testcase name="validateValidRegistration" time="33.189" classname="com.testcase.RegistrationTest"/>
  <system-out/>
  <testcase name="validateInvalidRegistration" time="19.360" classname="com.testcase.RegistrationTest"/>
  <system-out/>
  <testcase name="validateInvalidRegistration" time="15.607" classname="com.testcase.RegistrationTest"/>
  <system-out/>
</testsuite> <!-- com.testcase.RegistrationTest -->
