<?xml version="1.0" encoding="UTF-8"?>
<!-- Generated by org.testng.reporters.JUnitReportReporter -->
<testsuite skipped="0" hostname="LAPTOP-4AN8MAGU" name="com.testcase.FlightBookingPageTest" tests="6" failures="0" timestamp="2021-12-07T14:41:25 IST" time="190.071" errors="0">
  <testcase name="validateInvalidFlightBooking" time="34.855" classname="com.testcase.FlightBookingPageTest"/>
  <system-out/>
  <testcase name="validateValidFligtBooking" time="26.972" classname="com.testcase.FlightBookingPageTest"/>
  <system-out/>
  <testcase name="validateInvalidFlightBooking" time="27.436" classname="com.testcase.FlightBookingPageTest"/>
  <system-out/>
  <testcase name="validateInvalidFlightBooking" time="32.086" classname="com.testcase.FlightBookingPageTest"/>
  <system-out/>
  <testcase name="validateInvalidFlightBooking" time="35.084" classname="com.testcase.FlightBookingPageTest"/>
  <system-out/>
  <testcase name="validateInvalidFlightBooking" time="33.638" classname="com.testcase.FlightBookingPageTest"/>
  <system-out/>
</testsuite> <!-- com.testcase.FlightBookingPageTest -->
