<?xml version="1.0" encoding="UTF-8"?>
<!-- Generated by org.testng.reporters.JUnitReportReporter -->
<testsuite skipped="0" hostname="LAPTOP-4AN8MAGU" name="com.testcase.HotelSearchTest" tests="3" failures="0" timestamp="2021-12-07T14:41:25 IST" time="89.445" errors="0">
  <testcase name="validateInvalidHotelSearch" time="34.953" classname="com.testcase.HotelSearchTest"/>
  <system-out/>
  <testcase name="validateValidHotelSearch" time="30.688" classname="com.testcase.HotelSearchTest"/>
  <system-out/>
  <testcase name="validateValidHotelSearch" time="23.804" classname="com.testcase.HotelSearchTest"/>
  <system-out/>
</testsuite> <!-- com.testcase.HotelSearchTest -->
