<?xml version="1.0" encoding="UTF-8"?>
<!-- Generated by org.testng.reporters.JUnitReportReporter -->
<testsuite skipped="0" hostname="LAPTOP-4AN8MAGU" name="com.testcase.HotelBookingTest" tests="7" failures="0" timestamp="2021-12-07T14:41:25 IST" time="306.259" errors="0">
  <testcase name="validateInvalidHotelBooking" time="35.914" classname="com.testcase.HotelBookingTest"/>
  <system-out/>
  <testcase name="validateInvalidHotelBooking" time="45.600" classname="com.testcase.HotelBookingTest"/>
  <system-out/>
  <testcase name="validateValidHotelBooking" time="32.375" classname="com.testcase.HotelBookingTest"/>
  <system-out/>
  <testcase name="validateInvalidHotelBooking" time="27.761" classname="com.testcase.HotelBookingTest"/>
  <system-out/>
  <testcase name="validateInvalidHotelBooking" time="75.589" classname="com.testcase.HotelBookingTest"/>
  <system-out/>
  <testcase name="validateInvalidHotelBooking" time="38.649" classname="com.testcase.HotelBookingTest"/>
  <system-out/>
  <testcase name="validateInvalidHotelBooking" time="50.371" classname="com.testcase.HotelBookingTest"/>
  <system-out/>
</testsuite> <!-- com.testcase.HotelBookingTest -->
