<?xml version="1.0" encoding="UTF-8"?>
<!-- Generated by org.testng.reporters.JUnitReportReporter -->
<testsuite skipped="0" hostname="LAPTOP-4AN8MAGU" name="com.testcase.FlightSearchPageTest" tests="4" failures="0" timestamp="2021-12-07T14:41:25 IST" time="138.634" errors="0">
  <testcase name="validateInvalidFlightSearch" time="63.464" classname="com.testcase.FlightSearchPageTest"/>
  <system-out/>
  <testcase name="validateValidFlightSearch" time="28.051" classname="com.testcase.FlightSearchPageTest"/>
  <system-out/>
  <testcase name="validateInvalidFlightSearch" time="23.671" classname="com.testcase.FlightSearchPageTest"/>
  <system-out/>
  <testcase name="validateInvalidFlightSearch" time="23.448" classname="com.testcase.FlightSearchPageTest"/>
  <system-out/>
</testsuite> <!-- com.testcase.FlightSearchPageTest -->
